<?xml version="1.0" encoding="UTF-8"?>
<!-- Generated by org.testng.reporters.JUnitXMLReporter -->
<testsuite ignored="0" hostname="Abhiram" failures="1" tests="6" name="Test" time="93.065" errors="0" timestamp="2025-09-07T12:50:13 IST">
  <testcase classname="testCase.EndToEndLogin" name="TC001_VerifyLoginCredentialValidData" time="1.196">
    <failure type="java.lang.AssertionError" message="Login failed with error: Login was unsuccessful. Please correct the errors and try again.
No customer account found">
      <![CDATA[java.lang.AssertionError: Login failed with error: Login was unsuccessful. Please correct the errors and try again.
No customer account found
at testCase.EndToEndLogin.TC001_VerifyLoginCredentialValidData(EndToEndLogin.java:27)
at java.base/java.util.ArrayList.forEach(ArrayList.java:1511)
... Removed 28 stack frames]]>
    </failure>
  </testcase> <!-- TC001_VerifyLoginCredentialValidData -->
  <testcase classname="testCase.EndToEndRegister" name="regTest" time="8.976"/>
  <testcase classname="testCase.EndToEndSearch" name="searchTest" time="6.854"/>
  <testcase classname="testCase.EndToEndWishlist" name="wishlistTest" time="12.654"/>
  <testcase classname="testCase.EndToEndCart" name="cartTest" time="10.541"/>
  <testcase classname="testCase.EndToEndCheckout" name="checkoutTest" time="28.846"/>
</testsuite> <!-- Test -->
