<?xml version="1.0" encoding="UTF-8"?>
<!-- Generated by org.testng.reporters.JUnitXMLReporter -->
<testsuite ignored="0" hostname="Abhiram" failures="0" tests="6" name="Test" time="118.714" errors="0" timestamp="2025-09-08T14:56:23 IST">
  <testcase classname="testCase.EndToEndRegister" name="registrationTest" time="2.755"/>
  <testcase classname="testCase.EndToEndLogin" name="TC001_VerifyLoginCredentialValidData" time="3.832"/>
  <testcase classname="testCase.EndToEndSearch" name="verify_Search" time="4.652"/>
  <testcase classname="testCase.EndToEndWishlist" name="verify_wishlist" time="32.74"/>
  <testcase classname="testCase.EndToEndCart" name="verify_addToCart" time="19.222"/>
  <testcase classname="testCase.EndToEndCheckout" name="verify_checkout" time="40.362"/>
</testsuite> <!-- Test -->
