<?xml version="1.0" encoding="UTF-8"?>
<testng-results ignored="0" total="6" passed="6" failed="0" skipped="0">
  <reporter-output>
  </reporter-output>
  <suite started-at="2025-09-08T14:54:23 IST" name="Suite" finished-at="2025-09-08T14:56:22 IST" duration-ms="118714">
    <groups>
    </groups>
    <test started-at="2025-09-08T14:54:23 IST" name="Test" finished-at="2025-09-08T14:56:22 IST" duration-ms="118714">
      <class name="testCase.EndToEndSearch">
        <test-method is-config="true" signature="setUp()[pri:0, instance:testCase.EndToEndSearch@77f1baf5]" started-at="2025-09-08T14:54:35 IST" name="setUp" finished-at="2025-09-08T14:54:36 IST" duration-ms="1784" status="PASS">
          <reporter-output>
          </reporter-output>
        </test-method> <!-- setUp -->
        <test-method signature="verify_Search(java.lang.String)[pri:0, instance:testCase.EndToEndSearch@77f1baf5]" started-at="2025-09-08T14:54:37 IST" name="verify_Search" data-provider="SearchData" finished-at="2025-09-08T14:54:42 IST" duration-ms="4652" status="PASS">
          <params>
            <param index="0">
              <value>
                <![CDATA[MacBook]]>
              </value>
            </param>
          </params>
          <reporter-output>
          </reporter-output>
        </test-method> <!-- verify_Search -->
        <test-method is-config="true" signature="tearDown()[pri:0, instance:testCase.EndToEndSearch@77f1baf5]" started-at="2025-09-08T14:54:42 IST" name="tearDown" finished-at="2025-09-08T14:54:42 IST" duration-ms="187" status="PASS">
          <reporter-output>
          </reporter-output>
        </test-method> <!-- tearDown -->
      </class> <!-- testCase.EndToEndSearch -->
      <class name="testCase.EndToEndWishlist">
        <test-method is-config="true" signature="setUp()[pri:0, instance:testCase.EndToEndWishlist@41a2befb]" started-at="2025-09-08T14:54:42 IST" name="setUp" finished-at="2025-09-08T14:54:44 IST" duration-ms="1558" status="PASS">
          <reporter-output>
          </reporter-output>
        </test-method> <!-- setUp -->
        <test-method signature="verify_wishlist(java.lang.String)[pri:0, instance:testCase.EndToEndWishlist@41a2befb]" started-at="2025-09-08T14:54:44 IST" name="verify_wishlist" data-provider="SearchData" finished-at="2025-09-08T14:55:16 IST" duration-ms="32740" status="PASS">
          <params>
            <param index="0">
              <value>
                <![CDATA[MacBook]]>
              </value>
            </param>
          </params>
          <reporter-output>
          </reporter-output>
        </test-method> <!-- verify_wishlist -->
        <test-method is-config="true" signature="tearDown()[pri:0, instance:testCase.EndToEndWishlist@41a2befb]" started-at="2025-09-08T14:55:16 IST" name="tearDown" finished-at="2025-09-08T14:55:17 IST" duration-ms="214" status="PASS">
          <reporter-output>
          </reporter-output>
        </test-method> <!-- tearDown -->
      </class> <!-- testCase.EndToEndWishlist -->
      <class name="testCase.EndToEndCart">
        <test-method is-config="true" signature="setUp()[pri:0, instance:testCase.EndToEndCart@6c40365c]" started-at="2025-09-08T14:55:17 IST" name="setUp" finished-at="2025-09-08T14:55:19 IST" duration-ms="2643" status="PASS">
          <reporter-output>
          </reporter-output>
        </test-method> <!-- setUp -->
        <test-method signature="verify_addToCart(java.lang.String)[pri:0, instance:testCase.EndToEndCart@6c40365c]" started-at="2025-09-08T14:55:19 IST" name="verify_addToCart" data-provider="SearchData" finished-at="2025-09-08T14:55:38 IST" duration-ms="19222" status="PASS">
          <params>
            <param index="0">
              <value>
                <![CDATA[MacBook]]>
              </value>
            </param>
          </params>
          <reporter-output>
          </reporter-output>
        </test-method> <!-- verify_addToCart -->
        <test-method is-config="true" signature="tearDown()[pri:0, instance:testCase.EndToEndCart@6c40365c]" started-at="2025-09-08T14:55:38 IST" name="tearDown" finished-at="2025-09-08T14:55:39 IST" duration-ms="211" status="PASS">
          <reporter-output>
          </reporter-output>
        </test-method> <!-- tearDown -->
      </class> <!-- testCase.EndToEndCart -->
      <class name="testCase.EndToEndLogin">
        <test-method is-config="true" signature="setUp()[pri:0, instance:testCase.EndToEndLogin@7d20d0b]" started-at="2025-09-08T14:54:29 IST" name="setUp" finished-at="2025-09-08T14:54:31 IST" duration-ms="1722" status="PASS">
          <reporter-output>
          </reporter-output>
        </test-method> <!-- setUp -->
        <test-method signature="TC001_VerifyLoginCredentialValidData()[pri:0, instance:testCase.EndToEndLogin@7d20d0b]" started-at="2025-09-08T14:54:31 IST" name="TC001_VerifyLoginCredentialValidData" finished-at="2025-09-08T14:54:34 IST" depends-on-methods="testCase.EndToEndRegister.registrationTest" duration-ms="3832" status="PASS">
          <reporter-output>
          </reporter-output>
        </test-method> <!-- TC001_VerifyLoginCredentialValidData -->
        <test-method is-config="true" signature="tearDown()[pri:0, instance:testCase.EndToEndLogin@7d20d0b]" started-at="2025-09-08T14:54:34 IST" name="tearDown" finished-at="2025-09-08T14:54:35 IST" duration-ms="213" status="PASS">
          <reporter-output>
          </reporter-output>
        </test-method> <!-- tearDown -->
      </class> <!-- testCase.EndToEndLogin -->
      <class name="testCase.EndToEndRegister">
        <test-method is-config="true" signature="setUp()[pri:0, instance:testCase.EndToEndRegister@544fa968]" started-at="2025-09-08T14:54:23 IST" name="setUp" finished-at="2025-09-08T14:54:26 IST" duration-ms="2375" status="PASS">
          <reporter-output>
          </reporter-output>
        </test-method> <!-- setUp -->
        <test-method signature="registrationTest()[pri:1, instance:testCase.EndToEndRegister@544fa968]" started-at="2025-09-08T14:54:26 IST" name="registrationTest" finished-at="2025-09-08T14:54:29 IST" duration-ms="2755" status="PASS">
          <reporter-output>
          </reporter-output>
        </test-method> <!-- registrationTest -->
        <test-method is-config="true" signature="tearDown()[pri:0, instance:testCase.EndToEndRegister@544fa968]" started-at="2025-09-08T14:54:29 IST" name="tearDown" finished-at="2025-09-08T14:54:29 IST" duration-ms="209" status="PASS">
          <reporter-output>
          </reporter-output>
        </test-method> <!-- tearDown -->
      </class> <!-- testCase.EndToEndRegister -->
      <class name="testCase.EndToEndCheckout">
        <test-method is-config="true" signature="setUp()[pri:0, instance:testCase.EndToEndCheckout@7bedc48a]" started-at="2025-09-08T14:55:39 IST" name="setUp" finished-at="2025-09-08T14:55:41 IST" duration-ms="2388" status="PASS">
          <reporter-output>
          </reporter-output>
        </test-method> <!-- setUp -->
        <test-method signature="verify_checkout(java.lang.String,java.lang.String,java.lang.String,java.lang.String,java.lang.String,java.lang.String,java.lang.String,java.lang.String)[pri:0, instance:testCase.EndToEndCheckout@7bedc48a]" started-at="2025-09-08T14:55:41 IST" name="verify_checkout" data-provider="CheckoutData" finished-at="2025-09-08T14:56:22 IST" duration-ms="40362" status="PASS">
          <params>
            <param index="0">
              <value>
                <![CDATA[yes]]>
              </value>
            </param>
            <param index="1">
              <value>
                <![CDATA[India]]>
              </value>
            </param>
            <param index="2">
              <value>
                <![CDATA[Andhra Pradesh]]>
              </value>
            </param>
            <param index="3">
              <value>
                <![CDATA[Rajahmundry]]>
              </value>
            </param>
            <param index="4">
              <value>
                <![CDATA[Mandapeta]]>
              </value>
            </param>
            <param index="5">
              <value>
                <![CDATA[533308]]>
              </value>
            </param>
            <param index="6">
              <value>
                <![CDATA[9988776699]]>
              </value>
            </param>
            <param index="7">
              <value>
                <![CDATA[Adobe Photoshop]]>
              </value>
            </param>
          </params>
          <reporter-output>
          </reporter-output>
        </test-method> <!-- verify_checkout -->
        <test-method is-config="true" signature="tearDown()[pri:0, instance:testCase.EndToEndCheckout@7bedc48a]" started-at="2025-09-08T14:56:22 IST" name="tearDown" finished-at="2025-09-08T14:56:22 IST" duration-ms="204" status="PASS">
          <reporter-output>
          </reporter-output>
        </test-method> <!-- tearDown -->
      </class> <!-- testCase.EndToEndCheckout -->
    </test> <!-- Test -->
  </suite> <!-- Suite -->
</testng-results>
