<?xml version="1.0" encoding="UTF-8"?>
<testng-results ignored="0" total="8" passed="8" failed="0" skipped="0">
  <reporter-output>
  </reporter-output>
  <suite started-at="2025-09-06T09:23:28 IST" name="Default suite" finished-at="2025-09-06T09:24:01 IST" duration-ms="32441">
    <groups>
    </groups>
    <test started-at="2025-09-06T09:23:28 IST" name="Default test" finished-at="2025-09-06T09:24:01 IST" duration-ms="32441">
      <class name="nopCommerce.tests.NopCommerceTest">
        <test-method is-config="true" signature="setUp()[pri:0, instance:nopCommerce.tests.NopCommerceTest@65e98b1c]" started-at="2025-09-06T09:23:28 IST" name="setUp" finished-at="2025-09-06T09:23:31 IST" duration-ms="2739" status="PASS">
          <reporter-output>
          </reporter-output>
        </test-method> <!-- setUp -->
        <test-method signature="register()[pri:1, instance:nopCommerce.tests.NopCommerceTest@65e98b1c]" started-at="2025-09-06T09:23:31 IST" name="register" finished-at="2025-09-06T09:23:36 IST" duration-ms="5064" status="PASS">
          <reporter-output>
          </reporter-output>
        </test-method> <!-- register -->
        <test-method signature="login()[pri:2, instance:nopCommerce.tests.NopCommerceTest@65e98b1c]" started-at="2025-09-06T09:23:36 IST" name="login" finished-at="2025-09-06T09:23:40 IST" duration-ms="4086" status="PASS">
          <reporter-output>
          </reporter-output>
        </test-method> <!-- login -->
        <test-method signature="search()[pri:3, instance:nopCommerce.tests.NopCommerceTest@65e98b1c]" started-at="2025-09-06T09:23:40 IST" name="search" finished-at="2025-09-06T09:23:41 IST" duration-ms="1002" status="PASS">
          <reporter-output>
          </reporter-output>
        </test-method> <!-- search -->
        <test-method signature="productCatalog()[pri:4, instance:nopCommerce.tests.NopCommerceTest@65e98b1c]" started-at="2025-09-06T09:23:41 IST" name="productCatalog" finished-at="2025-09-06T09:23:43 IST" duration-ms="2074" status="PASS">
          <reporter-output>
          </reporter-output>
        </test-method> <!-- productCatalog -->
        <test-method signature="wishlist()[pri:5, instance:nopCommerce.tests.NopCommerceTest@65e98b1c]" started-at="2025-09-06T09:23:43 IST" name="wishlist" finished-at="2025-09-06T09:23:44 IST" duration-ms="1117" status="PASS">
          <reporter-output>
          </reporter-output>
        </test-method> <!-- wishlist -->
        <test-method signature="cart()[pri:6, instance:nopCommerce.tests.NopCommerceTest@65e98b1c]" started-at="2025-09-06T09:23:44 IST" name="cart" finished-at="2025-09-06T09:23:51 IST" duration-ms="6781" status="PASS">
          <reporter-output>
          </reporter-output>
        </test-method> <!-- cart -->
        <test-method signature="checkout()[pri:7, instance:nopCommerce.tests.NopCommerceTest@65e98b1c]" started-at="2025-09-06T09:23:51 IST" name="checkout" finished-at="2025-09-06T09:24:00 IST" duration-ms="8406" status="PASS">
          <reporter-output>
          </reporter-output>
        </test-method> <!-- checkout -->
        <test-method signature="logout()[pri:8, instance:nopCommerce.tests.NopCommerceTest@65e98b1c]" started-at="2025-09-06T09:24:00 IST" name="logout" finished-at="2025-09-06T09:24:01 IST" duration-ms="1095" status="PASS">
          <reporter-output>
          </reporter-output>
        </test-method> <!-- logout -->
      </class> <!-- nopCommerce.tests.NopCommerceTest -->
    </test> <!-- Default test -->
  </suite> <!-- Default suite -->
</testng-results>
